This is pdfTeX, Version 3.1415926-2.6-1.40.14 (TeX Live 2014/dev) (format=pdflatex 2015.5.21)  18 AUG 2015 20:04
entering extended mode
 restricted \write18 enabled.
 %&-line parsing enabled.
**Ej1.tex
(./Ej1.tex
LaTeX2e <2011/06/27>
Babel <3.9h> and hyphenation patterns for 77 languages loaded.
)
! Emergency stop.
<*> Ej1.tex
           
*** (job aborted, no legal \end found)

 
Here is how much of TeX's memory you used:
 5 strings out of 493321
 117 string characters out of 6140423
 51794 words of memory out of 5000000
 3563 multiletter control sequences out of 15000+600000
 3640 words of font info for 14 fonts, out of 8000000 for 9000
 953 hyphenation exceptions out of 8191
 5i,0n,1p,10b,8s stack positions out of 5000i,500n,10000p,200000b,80000s
!  ==> Fatal error occurred, no output PDF file produced!
